<?xml version="1.0" encoding="UTF-8"?>
<testsuite name="AppTest" tests="6" skipped="0" failures="0" errors="0" timestamp="2018-09-13T16:45:41" hostname="DESKTOP-K1JARM7" time="0.005">
  <properties/>
  <testcase name="_2018_isNotALeapYear" classname="AppTest" time="0.003"/>
  <testcase name="_2016_isALeapYear" classname="AppTest" time="0.0"/>
  <testcase name="_2000_isLeapYear" classname="AppTest" time="0.0"/>
  <testcase name="_1900_isNotALeapYear" classname="AppTest" time="0.001"/>
  <testcase name="_1997_isNotALeapYear" classname="AppTest" time="0.0"/>
  <testcase name="_1996_isLeapYear" classname="AppTest" time="0.0"/>
  <system-out><![CDATA[]]></system-out>
  <system-err><![CDATA[]]></system-err>
</testsuite>
